app/build/intermediates/manifest_merge_blame_file/release/manifest-merger-blame-release-report.txt
1<?xml version="1.0" encoding="utf-8"?>
2<manifest xmlns:android="http://schemas.android.com/apk/res/android"
3    package="com.example.projettech"
4    android:versionCode="1"
5    android:versionName="1.0" >
6
7    <uses-sdk
8        android:minSdkVersion="26"
8-->src\main\AndroidManifest.xml
9        android:targetSdkVersion="29" />
9-->src\main\AndroidManifest.xml
10
11    <uses-permission android:name="android.permission.CAMERA" />
11-->src\main\AndroidManifest.xml:5:5-64
11-->src\main\AndroidManifest.xml:5:22-62
12    <uses-permission android:name="android.permission.READ_EXTERNAL_STORAGE" />
12-->src\main\AndroidManifest.xml:6:5-79
12-->src\main\AndroidManifest.xml:6:22-77
13    <uses-permission android:name="android.permission.WRITE_EXTERNAL_STORAGE" />
13-->src\main\AndroidManifest.xml:7:5-80
13-->src\main\AndroidManifest.xml:7:22-78
14
15    <application
15-->src\main\AndroidManifest.xml:9:5-27:19
16        android:allowBackup="true"
16-->src\main\AndroidManifest.xml:10:9-35
17        android:appComponentFactory="androidx.core.app.CoreComponentFactory"
17-->[androidx.core:core:1.1.0] AndroidManifest.xml:24:18-86
18        android:extractNativeLibs="false"
19        android:fullBackupContent="@xml/backup_descriptor"
19-->src\main\AndroidManifest.xml:16:9-59
20        android:icon="@drawable/icon"
20-->src\main\AndroidManifest.xml:11:9-38
21        android:label="@string/app_name"
21-->src\main\AndroidManifest.xml:12:9-41
22        android:roundIcon="@drawable/icon"
22-->src\main\AndroidManifest.xml:13:9-43
23        android:supportsRtl="true"
23-->src\main\AndroidManifest.xml:14:9-35
24        android:theme="@style/AppTheme" >
24-->src\main\AndroidManifest.xml:15:9-40
25        <activity android:name="com.projetTec.imageStudio.controller.MainActivity" >
25-->src\main\AndroidManifest.xml:17:9-23:20
25-->src\main\AndroidManifest.xml:17:19-83
26            <intent-filter>
26-->src\main\AndroidManifest.xml:18:13-22:29
27                <action android:name="android.intent.action.MAIN" />
27-->src\main\AndroidManifest.xml:19:17-69
27-->src\main\AndroidManifest.xml:19:25-66
28
29                <category android:name="android.intent.category.LAUNCHER" />
29-->src\main\AndroidManifest.xml:21:17-77
29-->src\main\AndroidManifest.xml:21:27-74
30            </intent-filter>
31        </activity>
32        <activity android:name="com.projetTec.imageStudio.controller.StudioActivity" />
32-->src\main\AndroidManifest.xml:24:9-88
32-->src\main\AndroidManifest.xml:24:19-85
33        <activity android:name="com.projetTec.imageStudio.controller.HistogramActivity" />
33-->src\main\AndroidManifest.xml:25:9-91
33-->src\main\AndroidManifest.xml:25:19-88
34        <activity android:name="com.zhihu.matisse.ui.MatisseActivity" />
34-->[com.zhihu.android:matisse:0.5.3-beta3] AndroidManifest.xml:28:9-73
34-->[com.zhihu.android:matisse:0.5.3-beta3] AndroidManifest.xml:28:19-70
35        <activity android:name="com.zhihu.matisse.internal.ui.AlbumPreviewActivity" />
35-->[com.zhihu.android:matisse:0.5.3-beta3] AndroidManifest.xml:29:9-87
35-->[com.zhihu.android:matisse:0.5.3-beta3] AndroidManifest.xml:29:19-84
36        <activity android:name="com.zhihu.matisse.internal.ui.SelectedPreviewActivity" /> <!-- This is just an Activity for Testing from within src/androidTest -->
36-->[com.zhihu.android:matisse:0.5.3-beta3] AndroidManifest.xml:30:9-90
36-->[com.zhihu.android:matisse:0.5.3-beta3] AndroidManifest.xml:30:19-87
37        <activity
37-->[com.tapadoo.android:alerter:2.0.4] AndroidManifest.xml:15:9-17:54
38            android:name="com.tapadoo.alerter.MockActivity"
38-->[com.tapadoo.android:alerter:2.0.4] AndroidManifest.xml:16:13-60
39            android:theme="@style/Theme.AppCompat" />
39-->[com.tapadoo.android:alerter:2.0.4] AndroidManifest.xml:17:13-51
40        <activity
40-->[com.google.android.gms:play-services-base:17.0.0] AndroidManifest.xml:23:9-26:75
41            android:name="com.google.android.gms.common.api.GoogleApiActivity"
41-->[com.google.android.gms:play-services-base:17.0.0] AndroidManifest.xml:24:13-79
42            android:exported="false"
42-->[com.google.android.gms:play-services-base:17.0.0] AndroidManifest.xml:25:13-37
43            android:theme="@android:style/Theme.Translucent.NoTitleBar" />
43-->[com.google.android.gms:play-services-base:17.0.0] AndroidManifest.xml:26:13-72
44
45        <meta-data
45-->[com.google.android.gms:play-services-basement:17.0.0] AndroidManifest.xml:23:9-25:69
46            android:name="com.google.android.gms.version"
46-->[com.google.android.gms:play-services-basement:17.0.0] AndroidManifest.xml:24:13-58
47            android:value="@integer/google_play_services_version" />
47-->[com.google.android.gms:play-services-basement:17.0.0] AndroidManifest.xml:25:13-66
48    </application>
49
50</manifest>